TN:
SF:src/group/classGroup.ts
FN:31,(anonymous_0)
FN:47,(anonymous_1)
FN:55,(anonymous_2)
FN:63,(anonymous_3)
FN:71,(anonymous_4)
FN:80,(anonymous_5)
FN:88,(anonymous_6)
FN:96,(anonymous_7)
FN:105,(anonymous_8)
FN:112,(anonymous_9)
FN:119,(anonymous_10)
FN:126,(anonymous_11)
FN:134,(anonymous_12)
FN:141,(anonymous_13)
FNF:14
FNH:14
FNDA:12,(anonymous_0)
FNDA:16,(anonymous_1)
FNDA:2,(anonymous_2)
FNDA:13,(anonymous_3)
FNDA:37,(anonymous_4)
FNDA:1,(anonymous_5)
FNDA:1,(anonymous_6)
FNDA:1,(anonymous_7)
FNDA:1,(anonymous_8)
FNDA:1,(anonymous_9)
FNDA:1,(anonymous_10)
FNDA:1,(anonymous_11)
FNDA:1,(anonymous_12)
FNDA:1,(anonymous_13)
DA:17,1
DA:32,12
DA:33,12
DA:34,12
DA:35,12
DA:36,12
DA:37,12
DA:38,12
DA:48,16
DA:56,2
DA:64,13
DA:72,37
DA:81,1
DA:89,1
DA:97,1
DA:106,1
DA:113,1
DA:120,1
DA:127,1
DA:135,1
DA:142,1
LF:21
LH:21
BRF:0
BRH:0
end_of_record
TN:
SF:src/group/group-collection.ts
FN:23,(anonymous_0)
FN:24,(anonymous_1)
FN:28,(anonymous_2)
FN:32,(anonymous_3)
FN:36,(anonymous_4)
FN:37,(anonymous_5)
FN:40,(anonymous_6)
FN:41,(anonymous_7)
FN:44,(anonymous_8)
FN:45,(anonymous_9)
FN:48,(anonymous_10)
FN:49,(anonymous_11)
FN:52,(anonymous_12)
FN:53,(anonymous_13)
FN:56,(anonymous_14)
FN:58,(anonymous_15)
FN:61,(anonymous_16)
FN:63,(anonymous_17)
FN:66,(anonymous_18)
FN:68,(anonymous_19)
FN:72,(anonymous_20)
FN:73,(anonymous_21)
FN:76,(anonymous_22)
FN:77,(anonymous_23)
FNF:24
FNH:24
FNDA:1,(anonymous_0)
FNDA:3,(anonymous_1)
FNDA:1,(anonymous_2)
FNDA:1,(anonymous_3)
FNDA:1,(anonymous_4)
FNDA:3,(anonymous_5)
FNDA:1,(anonymous_6)
FNDA:3,(anonymous_7)
FNDA:1,(anonymous_8)
FNDA:3,(anonymous_9)
FNDA:1,(anonymous_10)
FNDA:3,(anonymous_11)
FNDA:1,(anonymous_12)
FNDA:3,(anonymous_13)
FNDA:1,(anonymous_14)
FNDA:3,(anonymous_15)
FNDA:1,(anonymous_16)
FNDA:3,(anonymous_17)
FNDA:1,(anonymous_18)
FNDA:3,(anonymous_19)
FNDA:1,(anonymous_20)
FNDA:3,(anonymous_21)
FNDA:1,(anonymous_22)
FNDA:3,(anonymous_23)
DA:20,1
DA:21,1
DA:22,1
DA:24,3
DA:25,1
DA:29,1
DA:33,1
DA:37,3
DA:41,3
DA:45,3
DA:49,3
DA:53,3
DA:58,3
DA:63,3
DA:68,3
DA:73,3
DA:77,3
LF:17
LH:17
BRDA:23,0,0,0
BRF:1
BRH:0
end_of_record
TN:
SF:src/retos/classRetos.ts
FN:26,(anonymous_0)
FN:42,(anonymous_1)
FN:49,(anonymous_2)
FN:57,(anonymous_3)
FN:64,(anonymous_4)
FN:71,(anonymous_5)
FN:78,(anonymous_6)
FN:87,(anonymous_7)
FN:94,(anonymous_8)
FN:102,(anonymous_9)
FN:110,(anonymous_10)
FN:118,(anonymous_11)
FN:125,(anonymous_12)
FNF:13
FNH:13
FNDA:11,(anonymous_0)
FNDA:5,(anonymous_1)
FNDA:14,(anonymous_2)
FNDA:1,(anonymous_3)
FNDA:1,(anonymous_4)
FNDA:13,(anonymous_5)
FNDA:13,(anonymous_6)
FNDA:1,(anonymous_7)
FNDA:1,(anonymous_8)
FNDA:1,(anonymous_9)
FNDA:1,(anonymous_10)
FNDA:1,(anonymous_11)
FNDA:1,(anonymous_12)
DA:16,1
DA:27,11
DA:28,11
DA:29,11
DA:30,11
DA:31,11
DA:32,11
DA:43,5
DA:50,14
DA:58,1
DA:65,1
DA:72,13
DA:79,13
DA:88,1
DA:95,1
DA:103,1
DA:111,1
DA:119,1
DA:126,1
LF:19
LH:19
BRF:0
BRH:0
end_of_record
TN:
SF:src/retos/retos-collection.ts
FN:24,(anonymous_0)
FN:25,(anonymous_1)
FN:29,(anonymous_2)
FN:33,(anonymous_3)
FN:38,(anonymous_4)
FN:40,(anonymous_5)
FN:45,(anonymous_6)
FN:48,(anonymous_7)
FN:53,(anonymous_8)
FN:55,(anonymous_9)
FN:59,(anonymous_10)
FN:61,(anonymous_11)
FN:66,(anonymous_12)
FN:68,(anonymous_13)
FN:72,(anonymous_14)
FN:74,(anonymous_15)
FNF:16
FNH:16
FNDA:1,(anonymous_0)
FNDA:3,(anonymous_1)
FNDA:1,(anonymous_2)
FNDA:1,(anonymous_3)
FNDA:1,(anonymous_4)
FNDA:3,(anonymous_5)
FNDA:1,(anonymous_6)
FNDA:3,(anonymous_7)
FNDA:1,(anonymous_8)
FNDA:3,(anonymous_9)
FNDA:1,(anonymous_10)
FNDA:3,(anonymous_11)
FNDA:1,(anonymous_12)
FNDA:3,(anonymous_13)
FNDA:1,(anonymous_14)
FNDA:3,(anonymous_15)
DA:21,1
DA:22,1
DA:23,1
DA:25,3
DA:26,1
DA:30,1
DA:34,1
DA:39,1
DA:40,3
DA:41,1
DA:46,1
DA:48,3
DA:49,1
DA:50,1
DA:54,1
DA:55,3
DA:56,1
DA:60,1
DA:61,3
DA:62,1
DA:63,1
DA:67,1
DA:68,3
DA:69,1
DA:73,1
DA:74,3
DA:75,1
DA:76,1
LF:28
LH:28
BRDA:24,0,0,0
BRF:1
BRH:0
end_of_record
TN:
SF:src/route/classRoute.ts
FN:41,(anonymous_0)
FN:59,(anonymous_1)
FN:67,(anonymous_2)
FN:75,(anonymous_3)
FN:83,(anonymous_4)
FN:91,(anonymous_5)
FN:99,(anonymous_6)
FN:107,(anonymous_7)
FN:115,(anonymous_8)
FN:122,(anonymous_9)
FNF:10
FNH:10
FNDA:5,(anonymous_0)
FNDA:4,(anonymous_1)
FNDA:13,(anonymous_2)
FNDA:1,(anonymous_3)
FNDA:1,(anonymous_4)
FNDA:13,(anonymous_5)
FNDA:1,(anonymous_6)
FNDA:13,(anonymous_7)
FNDA:13,(anonymous_8)
FNDA:13,(anonymous_9)
DA:27,1
DA:42,5
DA:43,5
DA:44,5
DA:45,5
DA:46,5
DA:47,5
DA:48,5
DA:49,5
DA:50,5
DA:60,4
DA:68,13
DA:76,1
DA:84,1
DA:92,13
DA:100,1
DA:108,13
DA:116,13
DA:123,13
LF:19
LH:19
BRF:0
BRH:0
end_of_record
TN:
SF:src/route/route-collection.ts
FN:23,(anonymous_0)
FN:24,(anonymous_1)
FN:28,(anonymous_2)
FN:32,(anonymous_3)
FN:37,(anonymous_4)
FN:39,(anonymous_5)
FN:44,(anonymous_6)
FN:47,(anonymous_7)
FN:52,(anonymous_8)
FN:54,(anonymous_9)
FN:58,(anonymous_10)
FN:60,(anonymous_11)
FN:65,(anonymous_12)
FN:67,(anonymous_13)
FN:71,(anonymous_14)
FN:73,(anonymous_15)
FN:78,(anonymous_16)
FN:80,(anonymous_17)
FN:84,(anonymous_18)
FN:86,(anonymous_19)
FN:91,(anonymous_20)
FN:93,(anonymous_21)
FN:97,(anonymous_22)
FN:99,(anonymous_23)
FNF:24
FNH:24
FNDA:1,(anonymous_0)
FNDA:3,(anonymous_1)
FNDA:1,(anonymous_2)
FNDA:1,(anonymous_3)
FNDA:1,(anonymous_4)
FNDA:3,(anonymous_5)
FNDA:1,(anonymous_6)
FNDA:3,(anonymous_7)
FNDA:1,(anonymous_8)
FNDA:3,(anonymous_9)
FNDA:1,(anonymous_10)
FNDA:3,(anonymous_11)
FNDA:1,(anonymous_12)
FNDA:3,(anonymous_13)
FNDA:1,(anonymous_14)
FNDA:3,(anonymous_15)
FNDA:1,(anonymous_16)
FNDA:3,(anonymous_17)
FNDA:1,(anonymous_18)
FNDA:3,(anonymous_19)
FNDA:1,(anonymous_20)
FNDA:3,(anonymous_21)
FNDA:1,(anonymous_22)
FNDA:3,(anonymous_23)
DA:20,1
DA:21,1
DA:22,1
DA:24,3
DA:25,1
DA:29,1
DA:33,1
DA:38,1
DA:39,3
DA:40,1
DA:45,1
DA:47,3
DA:48,1
DA:49,1
DA:53,1
DA:54,3
DA:55,1
DA:59,1
DA:60,3
DA:61,1
DA:62,1
DA:66,1
DA:67,3
DA:68,1
DA:72,1
DA:73,3
DA:74,1
DA:75,1
DA:79,1
DA:80,3
DA:81,1
DA:85,1
DA:86,3
DA:87,1
DA:88,1
DA:92,1
DA:93,3
DA:94,1
DA:98,1
DA:99,3
DA:100,1
DA:101,1
LF:42
LH:42
BRDA:23,0,0,0
BRF:1
BRH:0
end_of_record
TN:
SF:src/user/classUser.ts
FN:46,(anonymous_0)
FN:64,(anonymous_1)
FN:72,(anonymous_2)
FN:80,(anonymous_3)
FN:88,(anonymous_4)
FN:96,(anonymous_5)
FN:104,(anonymous_6)
FN:112,(anonymous_7)
FN:120,(anonymous_8)
FN:128,(anonymous_9)
FN:136,(anonymous_10)
FN:144,(anonymous_11)
FN:152,(anonymous_12)
FN:160,(anonymous_13)
FN:168,(anonymous_14)
FN:176,(anonymous_15)
FN:184,(anonymous_16)
FNF:17
FNH:17
FNDA:5,(anonymous_0)
FNDA:4,(anonymous_1)
FNDA:13,(anonymous_2)
FNDA:1,(anonymous_3)
FNDA:1,(anonymous_4)
FNDA:2,(anonymous_5)
FNDA:1,(anonymous_6)
FNDA:1,(anonymous_7)
FNDA:1,(anonymous_8)
FNDA:1,(anonymous_9)
FNDA:37,(anonymous_10)
FNDA:1,(anonymous_11)
FNDA:1,(anonymous_12)
FNDA:2,(anonymous_13)
FNDA:1,(anonymous_14)
FNDA:1,(anonymous_15)
FNDA:1,(anonymous_16)
DA:29,1
DA:32,5
DA:33,5
DA:34,5
DA:36,5
DA:37,5
DA:38,5
DA:47,5
DA:48,5
DA:49,5
DA:50,5
DA:51,5
DA:52,5
DA:53,5
DA:54,5
DA:55,5
DA:65,4
DA:73,13
DA:81,1
DA:89,1
DA:97,2
DA:105,1
DA:113,1
DA:121,1
DA:129,1
DA:137,37
DA:145,1
DA:153,1
DA:161,2
DA:169,1
DA:177,1
DA:185,1
LF:32
LH:32
BRF:0
BRH:0
end_of_record
TN:
SF:src/user/user-collection.ts
FN:23,(anonymous_0)
FN:24,(anonymous_1)
FN:28,(anonymous_2)
FN:32,(anonymous_3)
FN:36,(anonymous_4)
FN:38,(anonymous_5)
FN:42,(anonymous_6)
FN:44,(anonymous_7)
FN:49,(anonymous_8)
FN:51,(anonymous_9)
FN:55,(anonymous_10)
FN:57,(anonymous_11)
FN:62,(anonymous_12)
FN:64,(anonymous_13)
FN:68,(anonymous_14)
FN:70,(anonymous_15)
FN:75,(anonymous_16)
FN:77,(anonymous_17)
FN:81,(anonymous_18)
FN:83,(anonymous_19)
FNF:20
FNH:20
FNDA:1,(anonymous_0)
FNDA:3,(anonymous_1)
FNDA:1,(anonymous_2)
FNDA:1,(anonymous_3)
FNDA:1,(anonymous_4)
FNDA:3,(anonymous_5)
FNDA:1,(anonymous_6)
FNDA:3,(anonymous_7)
FNDA:1,(anonymous_8)
FNDA:3,(anonymous_9)
FNDA:1,(anonymous_10)
FNDA:3,(anonymous_11)
FNDA:1,(anonymous_12)
FNDA:3,(anonymous_13)
FNDA:1,(anonymous_14)
FNDA:3,(anonymous_15)
FNDA:1,(anonymous_16)
FNDA:3,(anonymous_17)
FNDA:1,(anonymous_18)
FNDA:3,(anonymous_19)
DA:20,1
DA:21,1
DA:22,1
DA:24,3
DA:25,1
DA:29,1
DA:33,1
DA:37,1
DA:38,3
DA:39,1
DA:43,1
DA:44,3
DA:45,1
DA:46,1
DA:50,1
DA:51,3
DA:52,1
DA:56,1
DA:57,3
DA:58,1
DA:59,1
DA:63,1
DA:64,3
DA:65,1
DA:69,1
DA:70,3
DA:71,1
DA:72,1
DA:76,1
DA:77,3
DA:78,1
DA:82,1
DA:83,3
DA:84,1
DA:85,1
LF:35
LH:35
BRDA:23,0,0,0
BRF:1
BRH:0
end_of_record
