TN:
SF:src/group/classGroup.ts
FN:38,(anonymous_0)
FN:55,(anonymous_1)
FN:63,(anonymous_2)
FN:70,(anonymous_3)
FN:78,(anonymous_4)
FN:86,(anonymous_5)
FN:95,(anonymous_6)
FN:103,(anonymous_7)
FN:111,(anonymous_8)
FN:120,(anonymous_9)
FN:128,(anonymous_10)
FN:136,(anonymous_11)
FN:140,(anonymous_12)
FN:149,(anonymous_13)
FN:156,(anonymous_14)
FN:163,(anonymous_15)
FN:170,(anonymous_16)
FN:178,(anonymous_17)
FN:185,(anonymous_18)
FN:193,(anonymous_19)
FNF:20
FNH:20
FNDA:15,(anonymous_0)
FNDA:20,(anonymous_1)
FNDA:2,(anonymous_2)
FNDA:1,(anonymous_3)
FNDA:1,(anonymous_4)
FNDA:1,(anonymous_5)
FNDA:1,(anonymous_6)
FNDA:13,(anonymous_7)
FNDA:37,(anonymous_8)
FNDA:1,(anonymous_9)
FNDA:1,(anonymous_10)
FNDA:1,(anonymous_11)
FNDA:1,(anonymous_12)
FNDA:1,(anonymous_13)
FNDA:1,(anonymous_14)
FNDA:1,(anonymous_15)
FNDA:1,(anonymous_16)
FNDA:1,(anonymous_17)
FNDA:1,(anonymous_18)
FNDA:1,(anonymous_19)
DA:21,1
DA:30,15
DA:31,15
DA:32,15
DA:39,15
DA:40,15
DA:41,15
DA:42,15
DA:43,15
DA:44,15
DA:45,15
DA:46,15
DA:47,15
DA:56,20
DA:64,2
DA:71,1
DA:79,1
DA:87,1
DA:96,1
DA:104,13
DA:112,37
DA:121,1
DA:129,1
DA:137,1
DA:141,1
DA:150,1
DA:157,1
DA:164,1
DA:171,1
DA:179,1
DA:186,1
DA:194,1
LF:32
LH:32
BRF:0
BRH:0
end_of_record
TN:
SF:src/group/group-collection.ts
FN:23,(anonymous_0)
FN:24,(anonymous_1)
FN:32,(anonymous_2)
FN:40,(anonymous_3)
FN:48,(anonymous_4)
FN:57,(anonymous_5)
FN:66,(anonymous_6)
FN:74,(anonymous_7)
FN:75,(anonymous_8)
FN:82,(anonymous_9)
FN:83,(anonymous_10)
FN:90,(anonymous_11)
FN:91,(anonymous_12)
FN:98,(anonymous_13)
FN:99,(anonymous_14)
FN:106,(anonymous_15)
FN:107,(anonymous_16)
FN:114,(anonymous_17)
FN:116,(anonymous_18)
FN:124,(anonymous_19)
FN:126,(anonymous_20)
FN:133,(anonymous_21)
FN:135,(anonymous_22)
FN:142,(anonymous_23)
FN:143,(anonymous_24)
FN:150,(anonymous_25)
FN:151,(anonymous_26)
FNF:27
FNH:27
FNDA:2,(anonymous_0)
FNDA:6,(anonymous_1)
FNDA:1,(anonymous_2)
FNDA:1,(anonymous_3)
FNDA:1,(anonymous_4)
FNDA:1,(anonymous_5)
FNDA:1,(anonymous_6)
FNDA:1,(anonymous_7)
FNDA:3,(anonymous_8)
FNDA:1,(anonymous_9)
FNDA:3,(anonymous_10)
FNDA:1,(anonymous_11)
FNDA:3,(anonymous_12)
FNDA:1,(anonymous_13)
FNDA:3,(anonymous_14)
FNDA:1,(anonymous_15)
FNDA:3,(anonymous_16)
FNDA:1,(anonymous_17)
FNDA:3,(anonymous_18)
FNDA:1,(anonymous_19)
FNDA:3,(anonymous_20)
FNDA:1,(anonymous_21)
FNDA:3,(anonymous_22)
FNDA:1,(anonymous_23)
FNDA:3,(anonymous_24)
FNDA:1,(anonymous_25)
FNDA:3,(anonymous_26)
DA:20,1
DA:21,2
DA:22,2
DA:24,6
DA:25,2
DA:33,1
DA:41,1
DA:49,1
DA:58,1
DA:67,1
DA:75,3
DA:83,3
DA:91,3
DA:99,3
DA:107,3
DA:116,3
DA:126,3
DA:135,3
DA:143,3
DA:151,3
LF:20
LH:20
BRDA:23,0,0,0
BRF:1
BRH:0
end_of_record
TN:
SF:src/retos/classRetos.ts
FN:29,(anonymous_0)
FN:45,(anonymous_1)
FN:52,(anonymous_2)
FN:60,(anonymous_3)
FN:67,(anonymous_4)
FN:74,(anonymous_5)
FN:81,(anonymous_6)
FN:90,(anonymous_7)
FN:97,(anonymous_8)
FN:105,(anonymous_9)
FN:113,(anonymous_10)
FN:121,(anonymous_11)
FN:128,(anonymous_12)
FNF:13
FNH:13
FNDA:11,(anonymous_0)
FNDA:9,(anonymous_1)
FNDA:14,(anonymous_2)
FNDA:1,(anonymous_3)
FNDA:1,(anonymous_4)
FNDA:13,(anonymous_5)
FNDA:13,(anonymous_6)
FNDA:1,(anonymous_7)
FNDA:1,(anonymous_8)
FNDA:1,(anonymous_9)
FNDA:1,(anonymous_10)
FNDA:1,(anonymous_11)
FNDA:1,(anonymous_12)
DA:19,1
DA:30,11
DA:31,11
DA:32,11
DA:33,11
DA:34,11
DA:35,11
DA:46,9
DA:53,14
DA:61,1
DA:68,1
DA:75,13
DA:82,13
DA:91,1
DA:98,1
DA:106,1
DA:114,1
DA:122,1
DA:129,1
LF:19
LH:19
BRF:0
BRH:0
end_of_record
TN:
SF:src/retos/retos-collection.ts
FN:33,(anonymous_0)
FN:34,(anonymous_1)
FN:44,(anonymous_2)
FN:54,(anonymous_3)
FN:62,(anonymous_4)
FN:66,(anonymous_5)
FN:75,(anonymous_6)
FN:77,(anonymous_7)
FN:87,(anonymous_8)
FN:90,(anonymous_9)
FN:99,(anonymous_10)
FN:101,(anonymous_11)
FN:110,(anonymous_12)
FN:112,(anonymous_13)
FN:123,(anonymous_14)
FN:125,(anonymous_15)
FN:134,(anonymous_16)
FN:136,(anonymous_17)
FNF:18
FNH:18
FNDA:2,(anonymous_0)
FNDA:6,(anonymous_1)
FNDA:1,(anonymous_2)
FNDA:3,(anonymous_3)
FNDA:1,(anonymous_4)
FNDA:1,(anonymous_5)
FNDA:1,(anonymous_6)
FNDA:3,(anonymous_7)
FNDA:1,(anonymous_8)
FNDA:3,(anonymous_9)
FNDA:1,(anonymous_10)
FNDA:3,(anonymous_11)
FNDA:1,(anonymous_12)
FNDA:3,(anonymous_13)
FNDA:1,(anonymous_14)
FNDA:3,(anonymous_15)
FNDA:1,(anonymous_16)
FNDA:3,(anonymous_17)
DA:30,1
DA:31,2
DA:32,2
DA:34,6
DA:35,2
DA:45,1
DA:55,3
DA:63,1
DA:67,1
DA:76,1
DA:77,3
DA:78,1
DA:88,1
DA:90,3
DA:91,1
DA:92,1
DA:100,1
DA:101,3
DA:102,1
DA:111,1
DA:112,3
DA:113,1
DA:114,1
DA:124,1
DA:125,3
DA:126,1
DA:135,1
DA:136,3
DA:137,1
DA:138,1
LF:30
LH:30
BRDA:33,0,0,0
BRF:1
BRH:0
end_of_record
TN:
SF:src/route/classRoute.ts
FN:41,(anonymous_0)
FN:59,(anonymous_1)
FN:67,(anonymous_2)
FN:75,(anonymous_3)
FN:83,(anonymous_4)
FN:91,(anonymous_5)
FN:99,(anonymous_6)
FN:107,(anonymous_7)
FN:115,(anonymous_8)
FN:122,(anonymous_9)
FN:130,(anonymous_10)
FN:138,(anonymous_11)
FN:146,(anonymous_12)
FN:154,(anonymous_13)
FN:162,(anonymous_14)
FN:170,(anonymous_15)
FN:178,(anonymous_16)
FN:186,(anonymous_17)
FNF:18
FNH:18
FNDA:5,(anonymous_0)
FNDA:7,(anonymous_1)
FNDA:14,(anonymous_2)
FNDA:2,(anonymous_3)
FNDA:2,(anonymous_4)
FNDA:14,(anonymous_5)
FNDA:2,(anonymous_6)
FNDA:14,(anonymous_7)
FNDA:14,(anonymous_8)
FNDA:14,(anonymous_9)
FNDA:1,(anonymous_10)
FNDA:1,(anonymous_11)
FNDA:1,(anonymous_12)
FNDA:1,(anonymous_13)
FNDA:1,(anonymous_14)
FNDA:1,(anonymous_15)
FNDA:1,(anonymous_16)
FNDA:1,(anonymous_17)
DA:27,1
DA:42,5
DA:43,5
DA:44,5
DA:45,5
DA:46,5
DA:47,5
DA:48,5
DA:49,5
DA:50,5
DA:60,7
DA:68,14
DA:76,2
DA:84,2
DA:92,14
DA:100,2
DA:108,14
DA:116,14
DA:123,14
DA:131,1
DA:139,1
DA:147,1
DA:155,1
DA:163,1
DA:171,1
DA:179,1
DA:187,1
LF:27
LH:27
BRF:0
BRH:0
end_of_record
TN:
SF:src/route/route-collection.ts
FN:23,(anonymous_0)
FN:24,(anonymous_1)
FN:32,(anonymous_2)
FN:40,(anonymous_3)
FN:48,(anonymous_4)
FN:56,(anonymous_5)
FN:65,(anonymous_6)
FN:74,(anonymous_7)
FN:76,(anonymous_8)
FN:84,(anonymous_9)
FN:87,(anonymous_10)
FN:96,(anonymous_11)
FN:98,(anonymous_12)
FN:106,(anonymous_13)
FN:108,(anonymous_14)
FN:115,(anonymous_15)
FN:117,(anonymous_16)
FN:124,(anonymous_17)
FN:126,(anonymous_18)
FN:134,(anonymous_19)
FN:136,(anonymous_20)
FN:144,(anonymous_21)
FN:146,(anonymous_22)
FN:154,(anonymous_23)
FN:156,(anonymous_24)
FN:164,(anonymous_25)
FN:166,(anonymous_26)
FNF:27
FNH:27
FNDA:2,(anonymous_0)
FNDA:6,(anonymous_1)
FNDA:1,(anonymous_2)
FNDA:3,(anonymous_3)
FNDA:1,(anonymous_4)
FNDA:2,(anonymous_5)
FNDA:1,(anonymous_6)
FNDA:1,(anonymous_7)
FNDA:3,(anonymous_8)
FNDA:1,(anonymous_9)
FNDA:3,(anonymous_10)
FNDA:1,(anonymous_11)
FNDA:3,(anonymous_12)
FNDA:1,(anonymous_13)
FNDA:3,(anonymous_14)
FNDA:1,(anonymous_15)
FNDA:3,(anonymous_16)
FNDA:1,(anonymous_17)
FNDA:3,(anonymous_18)
FNDA:1,(anonymous_19)
FNDA:3,(anonymous_20)
FNDA:1,(anonymous_21)
FNDA:3,(anonymous_22)
FNDA:1,(anonymous_23)
FNDA:3,(anonymous_24)
FNDA:1,(anonymous_25)
FNDA:3,(anonymous_26)
DA:20,1
DA:21,2
DA:22,2
DA:24,6
DA:25,2
DA:33,1
DA:41,3
DA:49,1
DA:57,2
DA:66,1
DA:67,1
DA:75,1
DA:76,3
DA:77,1
DA:85,1
DA:87,3
DA:88,1
DA:89,1
DA:97,1
DA:98,3
DA:99,1
DA:107,1
DA:108,3
DA:109,1
DA:110,1
DA:116,1
DA:117,3
DA:118,1
DA:125,1
DA:126,3
DA:127,1
DA:128,1
DA:135,1
DA:136,3
DA:137,1
DA:145,1
DA:146,3
DA:147,1
DA:148,1
DA:155,1
DA:156,3
DA:157,1
DA:165,1
DA:166,3
DA:167,1
DA:168,1
LF:46
LH:46
BRDA:23,0,0,0
BRF:1
BRH:0
end_of_record
TN:
SF:src/user/classUser.ts
FN:47,(anonymous_0)
FN:65,(anonymous_1)
FN:73,(anonymous_2)
FN:81,(anonymous_3)
FN:89,(anonymous_4)
FN:97,(anonymous_5)
FN:105,(anonymous_6)
FN:113,(anonymous_7)
FN:121,(anonymous_8)
FN:129,(anonymous_9)
FN:137,(anonymous_10)
FN:145,(anonymous_11)
FN:153,(anonymous_12)
FN:161,(anonymous_13)
FN:169,(anonymous_14)
FN:177,(anonymous_15)
FN:185,(anonymous_16)
FNF:17
FNH:17
FNDA:5,(anonymous_0)
FNDA:7,(anonymous_1)
FNDA:13,(anonymous_2)
FNDA:1,(anonymous_3)
FNDA:1,(anonymous_4)
FNDA:2,(anonymous_5)
FNDA:1,(anonymous_6)
FNDA:1,(anonymous_7)
FNDA:1,(anonymous_8)
FNDA:1,(anonymous_9)
FNDA:37,(anonymous_10)
FNDA:1,(anonymous_11)
FNDA:1,(anonymous_12)
FNDA:2,(anonymous_13)
FNDA:1,(anonymous_14)
FNDA:1,(anonymous_15)
FNDA:1,(anonymous_16)
DA:30,1
DA:33,5
DA:34,5
DA:35,5
DA:37,5
DA:38,5
DA:39,5
DA:48,5
DA:49,5
DA:50,5
DA:51,5
DA:52,5
DA:53,5
DA:54,5
DA:55,5
DA:56,5
DA:66,7
DA:74,13
DA:82,1
DA:90,1
DA:98,2
DA:106,1
DA:114,1
DA:122,1
DA:130,1
DA:138,37
DA:146,1
DA:154,1
DA:162,2
DA:170,1
DA:178,1
DA:186,1
LF:32
LH:32
BRF:0
BRH:0
end_of_record
TN:
SF:src/user/user-collection.ts
FN:21,(anonymous_0)
FN:22,(anonymous_1)
FN:31,(anonymous_2)
FN:40,(anonymous_3)
FN:48,(anonymous_4)
FN:52,(anonymous_5)
FN:56,(anonymous_6)
FN:64,(anonymous_7)
FN:66,(anonymous_8)
FN:74,(anonymous_9)
FN:76,(anonymous_10)
FN:86,(anonymous_11)
FN:88,(anonymous_12)
FN:96,(anonymous_13)
FN:98,(anonymous_14)
FN:107,(anonymous_15)
FN:109,(anonymous_16)
FN:118,(anonymous_17)
FN:120,(anonymous_18)
FN:130,(anonymous_19)
FN:132,(anonymous_20)
FN:140,(anonymous_21)
FN:142,(anonymous_22)
FNF:23
FNH:23
FNDA:2,(anonymous_0)
FNDA:6,(anonymous_1)
FNDA:1,(anonymous_2)
FNDA:2,(anonymous_3)
FNDA:2,(anonymous_4)
FNDA:1,(anonymous_5)
FNDA:1,(anonymous_6)
FNDA:1,(anonymous_7)
FNDA:3,(anonymous_8)
FNDA:1,(anonymous_9)
FNDA:3,(anonymous_10)
FNDA:1,(anonymous_11)
FNDA:3,(anonymous_12)
FNDA:1,(anonymous_13)
FNDA:3,(anonymous_14)
FNDA:1,(anonymous_15)
FNDA:3,(anonymous_16)
FNDA:1,(anonymous_17)
FNDA:3,(anonymous_18)
FNDA:1,(anonymous_19)
FNDA:3,(anonymous_20)
FNDA:1,(anonymous_21)
FNDA:3,(anonymous_22)
DA:17,1
DA:18,2
DA:19,2
DA:22,6
DA:23,2
DA:32,1
DA:41,2
DA:49,2
DA:53,1
DA:57,1
DA:65,1
DA:66,3
DA:67,1
DA:75,1
DA:76,3
DA:77,1
DA:78,1
DA:87,1
DA:88,3
DA:89,1
DA:97,1
DA:98,3
DA:99,1
DA:100,1
DA:108,1
DA:109,3
DA:110,1
DA:119,1
DA:120,3
DA:121,1
DA:122,1
DA:131,1
DA:132,3
DA:133,1
DA:141,1
DA:142,3
DA:143,1
DA:144,1
LF:38
LH:38
BRDA:21,0,0,0
BRF:1
BRH:0
end_of_record
